INFO:__main__:Opened serial port.
INFO:__main__:Started listening to serial port.
INFO:__main__:Set mtype:OK!
INFO:__main__:Set deadzone:OK!
INFO:__main__:Set mphase:OK!
INFO:__main__:Set mline:OK!
INFO:__main__:Set wdiameter:OK!
INFO:__main__:read_flash:OK!
Motor_Version:1.
INFO:__main__:7.3
Motor_type:1
Dead_Zone:1500
Pulse_Line:11
Pulse_Phase:30
INFO:__main__:
wheel_diameter:95.000
P:0.100	 I:0.002	 D:0.010
INFO:__main__:Initialized motor parameters.
INFO:__main__:
INFO:__main__:#
INFO:__main__:.88#
INFO:__main__:.88#
INFO:__main__:.88#
INFO:__main__:.88#
INFO:__main__:.27#
INFO:__main__:.98#
INFO:__main__:.03#
INFO:__main__:.42#
INFO:__main__:.64#
INFO:__main__:.64#
INFO:__main__:.25#
INFO:__main__:1#
INFO:__main__:9#
INFO:__main__:.10#
INFO:__main__:.10#
INFO:__main__:.88#
INFO:__main__:.88#
INFO:__main__:.88#
INFO:__main__:.81#
INFO:__main__:.03#
INFO:__main__:.03#
INFO:__main__:.42#
INFO:__main__:.42#
INFO:__main__:.42#
INFO:__main__:.81#
INFO:__main__:05#
INFO:__main__:2#
INFO:__main__:Stopped listening thread.
INFO:__main__:Closed serial port.
